{
  "stats": {
    "suites": 2,
    "tests": 2,
    "passes": 2,
    "pending": 0,
    "failures": 0,
    "start": "2022-10-26T13:58:12.195Z",
    "end": "2022-10-26T13:58:14.504Z",
    "duration": 2309,
    "testsRegistered": 2,
    "passPercent": 100,
    "pendingPercent": 0,
    "other": 0,
    "hasOther": false,
    "skipped": 0,
    "hasSkipped": false
  },
  "results": [
    {
      "uuid": "c62e4b49-638a-404f-933a-b84d411da9f6",
      "title": "",
      "fullFile": "",
      "file": "",
      "beforeHooks": [],
      "afterHooks": [],
      "tests": [],
      "suites": [
        {
          "uuid": "2940bd08-2526-4e08-b5c9-f606f6e505d6",
          "title": "Jojonomic API Automation Skill Test Wheater",
          "fullFile": "D:\\Refactory\\Jojonomic\\api-automation-skill-test\\tests\\scenarios\\wheater.test.js",
          "file": "\\tests\\scenarios\\wheater.test.js",
          "beforeHooks": [],
          "afterHooks": [],
          "tests": [
            {
              "title": "Should be able to get current wheater data based on Lat and Lon",
              "fullTitle": "Jojonomic API Automation Skill Test Wheater Should be able to get current wheater data based on Lat and Lon",
              "timedOut": false,
              "duration": 1480,
              "state": "passed",
              "speed": "slow",
              "pass": true,
              "fail": false,
              "pending": false,
              "context": null,
              "code": "const response = await WheaterbitAPI.get_current_wheater(data.VALID_PARAMS);\nlet jsonData = response.data\nconsole.log(jsonData.data[0].state_code)\nassert.equal(response.status, 200);\nassert.containsAllKeys(response.data, ['count', 'data'])\nassert.equal(jsonData.data[0].state_code, 'NY')",
              "err": {},
              "uuid": "57ccdf88-d3c8-4742-a21e-984189b57d06",
              "parentUUID": "2940bd08-2526-4e08-b5c9-f606f6e505d6",
              "isHook": false,
              "skipped": false
            }
          ],
          "suites": [],
          "passes": [
            "57ccdf88-d3c8-4742-a21e-984189b57d06"
          ],
          "failures": [],
          "pending": [],
          "skipped": [],
          "duration": 1480,
          "root": false,
          "rootEmpty": false,
          "_timeout": 2000
        },
        {
          "uuid": "a2682131-4c8c-412a-a3ce-a316ad3ce6b1",
          "title": "Jojonomic API Automation Skill Test Forecast",
          "fullFile": "D:\\Refactory\\Jojonomic\\api-automation-skill-test\\tests\\scenarios\\wheater.test.js",
          "file": "\\tests\\scenarios\\wheater.test.js",
          "beforeHooks": [],
          "afterHooks": [],
          "tests": [
            {
              "title": "Should be able to get current forecast based on postal code and hours",
              "fullTitle": "Jojonomic API Automation Skill Test Forecast Should be able to get current forecast based on postal code and hours",
              "timedOut": false,
              "duration": 825,
              "state": "passed",
              "speed": "slow",
              "pass": true,
              "fail": false,
              "pending": false,
              "context": null,
              "code": "const response = await WheaterbitAPI.get_forecast_wheater(data.VALID_PARAMS_FORECAST);\nlet jsonData = response.data\nconsole.log(jsonData.data[0].timestamp_utc);\nconsole.log(jsonData.data[0].weather);\nassert.equal(response.status, 200);",
              "err": {},
              "uuid": "4512d94a-cf99-4c2f-b39e-12caeca79228",
              "parentUUID": "a2682131-4c8c-412a-a3ce-a316ad3ce6b1",
              "isHook": false,
              "skipped": false
            }
          ],
          "suites": [],
          "passes": [
            "4512d94a-cf99-4c2f-b39e-12caeca79228"
          ],
          "failures": [],
          "pending": [],
          "skipped": [],
          "duration": 825,
          "root": false,
          "rootEmpty": false,
          "_timeout": 2000
        }
      ],
      "passes": [],
      "failures": [],
      "pending": [],
      "skipped": [],
      "duration": 0,
      "root": true,
      "rootEmpty": true,
      "_timeout": 2000
    }
  ],
  "meta": {
    "mocha": {
      "version": "10.1.0"
    },
    "mochawesome": {
      "options": {
        "quiet": false,
        "reportFilename": "mochawesome",
        "saveHtml": true,
        "saveJson": true,
        "consoleReporter": "spec",
        "useInlineDiffs": false,
        "code": true
      },
      "version": "7.1.3"
    },
    "marge": {
      "options": {
        "reportDir": "reports"
      },
      "version": "6.2.0"
    }
  }
}